
<!DOCTYPE html>
<html lang="en">
<head>
    <meta charset="UTF-8">
    <meta name="viewport" content="width=device-width, initial-scale=1.0">
    <title>ColdCopy Test Report</title>
    <style>
        body { font-family: -apple-system, BlinkMacSystemFont, 'Segoe UI', Roboto, sans-serif; margin: 0; padding: 20px; background: #f5f5f5; }
        .container { max-width: 1200px; margin: 0 auto; background: white; border-radius: 8px; box-shadow: 0 2px 10px rgba(0,0,0,0.1); }
        .header { background: #2563eb; color: white; padding: 30px; border-radius: 8px 8px 0 0; }
        .content { padding: 30px; }
        .summary { display: grid; grid-template-columns: repeat(auto-fit, minmax(200px, 1fr)); gap: 20px; margin-bottom: 30px; }
        .metric { background: #f8fafc; padding: 20px; border-radius: 6px; text-align: center; }
        .metric-value { font-size: 2em; font-weight: bold; margin-bottom: 5px; }
        .passed { color: #059669; }
        .failed { color: #dc2626; }
        .warning { color: #d97706; }
        .test-result { border: 1px solid #e5e7eb; border-radius: 6px; margin-bottom: 20px; overflow: hidden; }
        .test-header { padding: 15px; background: #f9fafb; display: flex; justify-content: space-between; align-items: center; }
        .test-body { padding: 15px; }
        .status-badge { padding: 4px 12px; border-radius: 20px; color: white; font-size: 0.875em; font-weight: 500; }
        .status-passed { background: #059669; }
        .status-failed { background: #dc2626; }
        .status-warning { background: #d97706; }
        .error-list { list-style: none; padding: 0; margin: 10px 0; }
        .error-item { background: #fef2f2; border: 1px solid #fecaca; padding: 10px; border-radius: 4px; margin-bottom: 5px; color: #991b1b; }
        .recommendations { background: #eff6ff; border: 1px solid #bfdbfe; border-radius: 6px; padding: 20px; margin-top: 30px; }
        .recommendation-item { margin-bottom: 10px; }
    </style>
</head>
<body>
    <div class="container">
        <div class="header">
            <h1>üß™ ColdCopy Comprehensive Test Report</h1>
            <p>Generated: 2025-07-02T13:50:38.480Z</p>
            <p>Base URL: https://coldcopy.cc</p>
        </div>
        
        <div class="content">
            <div class="summary">
                <div class="metric">
                    <div class="metric-value">8</div>
                    <div>Total Tests</div>
                </div>
                <div class="metric">
                    <div class="metric-value passed">4</div>
                    <div>Passed</div>
                </div>
                <div class="metric">
                    <div class="metric-value failed">2</div>
                    <div>Failed</div>
                </div>
                <div class="metric">
                    <div class="metric-value warning">2</div>
                    <div>Warnings</div>
                </div>
                <div class="metric">
                    <div class="metric-value">46753ms</div>
                    <div>Total Duration</div>
                </div>
            </div>
            
            <h2>Test Results</h2>
            
                <div class="test-result">
                    <div class="test-header">
                        <h3>Landing Page Test</h3>
                        <span class="status-badge status-failed">FAILED</span>
                    </div>
                    <div class="test-body">
                        <p><strong>Duration:</strong> 1302ms</p>
                        
                            <h4>Issues Found:</h4>
                            <ul class="error-list">
                                <li class="error-item">Landing page test failed: page.evaluate: ReferenceError: __name is not defined
    at eval (eval at evaluate (:291:30), <anonymous>:1:24)
    at UtilityScript.evaluate (<anonymous>:293:16)
    at UtilityScript.<anonymous> (<anonymous>:1:44)</li>
                            </ul>
                        
                        <p><strong>Screenshot:</strong> screenshots/landing-page-2025-07-02T13-49-52-798Z.png</p>
                    </div>
                </div>
            
                <div class="test-result">
                    <div class="test-header">
                        <h3>Authentication Flow Test</h3>
                        <span class="status-badge status-failed">FAILED</span>
                    </div>
                    <div class="test-body">
                        <p><strong>Duration:</strong> 31922ms</p>
                        
                            <h4>Issues Found:</h4>
                            <ul class="error-list">
                                <li class="error-item">Authentication test failed: page.waitForURL: Timeout 30000ms exceeded.
=========================== logs ===========================
waiting for navigation to "**/signup" until "load"
  navigated to "https://www.coldcopy.cc/register"
  navigated to "https://www.coldcopy.cc/register"
============================================================</li>
                            </ul>
                        
                        <p><strong>Screenshot:</strong> screenshots/login-page-2025-07-02T13-49-53-757Z.png</p>
                    </div>
                </div>
            
                <div class="test-result">
                    <div class="test-header">
                        <h3>User Journey Test</h3>
                        <span class="status-badge status-warning">WARNING</span>
                    </div>
                    <div class="test-body">
                        <p><strong>Duration:</strong> 921ms</p>
                        
                            <h4>Issues Found:</h4>
                            <ul class="error-list">
                                <li class="error-item">No journey steps found on test page</li>
                            </ul>
                        
                        <p><strong>Screenshot:</strong> screenshots/user-journey-test-2025-07-02T13-50-25-301Z.png</p>
                    </div>
                </div>
            
                <div class="test-result">
                    <div class="test-header">
                        <h3>AI Features Test</h3>
                        <span class="status-badge status-passed">PASSED</span>
                    </div>
                    <div class="test-body">
                        <p><strong>Duration:</strong> 1050ms</p>
                        <p style="color: #059669;">‚úÖ All checks passed</p>
                        
                    </div>
                </div>
            
                <div class="test-result">
                    <div class="test-header">
                        <h3>Integrations Test</h3>
                        <span class="status-badge status-passed">PASSED</span>
                    </div>
                    <div class="test-body">
                        <p><strong>Duration:</strong> 1285ms</p>
                        <p style="color: #059669;">‚úÖ All checks passed</p>
                        
                    </div>
                </div>
            
                <div class="test-result">
                    <div class="test-header">
                        <h3>Performance Test</h3>
                        <span class="status-badge status-passed">PASSED</span>
                    </div>
                    <div class="test-body">
                        <p><strong>Duration:</strong> 5868ms</p>
                        <p style="color: #059669;">‚úÖ All checks passed</p>
                        
                    </div>
                </div>
            
                <div class="test-result">
                    <div class="test-header">
                        <h3>Visual Regression Test</h3>
                        <span class="status-badge status-passed">PASSED</span>
                    </div>
                    <div class="test-body">
                        <p><strong>Duration:</strong> 3497ms</p>
                        <p style="color: #059669;">‚úÖ All checks passed</p>
                        
                    </div>
                </div>
            
                <div class="test-result">
                    <div class="test-header">
                        <h3>Mobile Experience Test</h3>
                        <span class="status-badge status-warning">WARNING</span>
                    </div>
                    <div class="test-body">
                        <p><strong>Duration:</strong> 908ms</p>
                        
                            <h4>Issues Found:</h4>
                            <ul class="error-list">
                                <li class="error-item">Mobile menu not found</li>
                            </ul>
                        
                        <p><strong>Screenshot:</strong> screenshots/mobile-view-2025-07-02T13-50-38-317Z.png</p>
                    </div>
                </div>
            
            
            
                <div class="recommendations">
                    <h2>üéØ Recommendations</h2>
                    <div class="recommendation-item">üö® 2 critical tests failed - immediate attention required</div><div class="recommendation-item">‚ö†Ô∏è 2 tests have warnings - review and fix when possible</div><div class="recommendation-item">üè† Landing page issues detected - check hero section and navigation</div><div class="recommendation-item">üîê Authentication flow issues - verify form validation and signup process</div><div class="recommendation-item">üì± Mobile experience needs improvement - check responsive design and touch interactions</div>
                </div>
            
        </div>
    </div>
</body>
</html>